0 info it worked if it ends with ok
1 verbose cli [ 'E:\\software\\tools\\work_tools\\nodejs\\node.exe',
1 verbose cli   'E:\\software\\tools\\work_tools\\nodejs\\node_modules\\npm\\bin\\npm-cli.js',
1 verbose cli   'start' ]
2 info using npm@3.3.12
3 info using node@v5.1.0
4 verbose run-script [ 'prestart', 'start', 'poststart' ]
5 info lifecycle express-blog@0.0.0~prestart: express-blog@0.0.0
6 silly lifecycle express-blog@0.0.0~prestart: no script for prestart, continuing
7 info lifecycle express-blog@0.0.0~start: express-blog@0.0.0
8 verbose lifecycle express-blog@0.0.0~start: unsafe-perm in lifecycle true
9 verbose lifecycle express-blog@0.0.0~start: PATH: E:\software\tools\work_tools\nodejs\node_modules\npm\bin\node-gyp-bin;E:\codespace\Nodejs\express-microblog\node_modules\.bin;C:\Users\Shinelon\AppData\Roaming\npm;E:\software\tools\work_tools\nodejs\;C:\Program Files (x86)\Intel\iCLS Client\;C:\Program Files\Intel\iCLS Client\;C:\Windows\system32;C:\Windows;C:\Windows\System32\Wbem;C:\Windows\System32\WindowsPowerShell\v1.0\;C:\Program Files (x86)\NVIDIA Corporation\PhysX\Common;C:\Program Files (x86)\Intel\Intel(R) Management Engine Components\DAL;C:\Program Files\Intel\Intel(R) Management Engine Components\DAL;C:\Program Files (x86)\Intel\Intel(R) Management Engine Components\IPT;C:\Program Files\Intel\Intel(R) Management Engine Components\IPT;C:\Program Files\Intel\WiFi\bin\;C:\Program Files\Common Files\Intel\WirelessCommon\;E:\software\tools\work_tools\nodejs\;E:\software\tools\work_tools\BitviseSSHClient;E:\software\tools\work_tools\MongoDB\bin;C:\Program Files\MySQL\MySQL Utilities 1.6\;E:\software\tools\work_tools\Ruby23-x64\bin;C:\Program Files\Intel\WiFi\bin\;C:\Program Files\Common Files\Intel\WirelessCommon\;C:\Users\Shinelon\AppData\Roaming\npm;C:\Users\Shinelon\AppData\Local\atom\bin
10 verbose lifecycle express-blog@0.0.0~start: CWD: E:\codespace\Nodejs\express-microblog
11 silly lifecycle express-blog@0.0.0~start: Args: [ '/d /s /c', 'node ./bin/www' ]
12 silly lifecycle express-blog@0.0.0~start: Returned: code: 1  signal: null
13 info lifecycle express-blog@0.0.0~start: Failed to exec start script
14 verbose stack Error: express-blog@0.0.0 start: `node ./bin/www`
14 verbose stack Exit status 1
14 verbose stack     at EventEmitter.<anonymous> (E:\software\tools\work_tools\nodejs\node_modules\npm\lib\utils\lifecycle.js:232:16)
14 verbose stack     at emitTwo (events.js:87:13)
14 verbose stack     at EventEmitter.emit (events.js:172:7)
14 verbose stack     at ChildProcess.<anonymous> (E:\software\tools\work_tools\nodejs\node_modules\npm\lib\utils\spawn.js:24:14)
14 verbose stack     at emitTwo (events.js:87:13)
14 verbose stack     at ChildProcess.emit (events.js:172:7)
14 verbose stack     at maybeClose (internal/child_process.js:818:16)
14 verbose stack     at Process.ChildProcess._handle.onexit (internal/child_process.js:211:5)
15 verbose pkgid express-blog@0.0.0
16 verbose cwd E:\codespace\Nodejs\express-microblog
17 error Windows_NT 10.0.10586
18 error argv "E:\\software\\tools\\work_tools\\nodejs\\node.exe" "E:\\software\\tools\\work_tools\\nodejs\\node_modules\\npm\\bin\\npm-cli.js" "start"
19 error node v5.1.0
20 error npm  v3.3.12
21 error code ELIFECYCLE
22 error express-blog@0.0.0 start: `node ./bin/www`
22 error Exit status 1
23 error Failed at the express-blog@0.0.0 start script 'node ./bin/www'.
23 error Make sure you have the latest version of node.js and npm installed.
23 error If you do, this is most likely a problem with the express-blog package,
23 error not with npm itself.
23 error Tell the author that this fails on your system:
23 error     node ./bin/www
23 error You can get their info via:
23 error     npm owner ls express-blog
23 error There is likely additional logging output above.
24 verbose exit [ 1, true ]
